<?xml version="1.0" encoding="UTF-8"?>
<!-- Generated by org.testng.reporters.JUnitReportReporter -->
<testsuite skipped="0" hostname="BLRKEC148877L" name="Academy.validateNavigationBar" tests="1" failures="0" timestamp="19 Apr 2019 13:16:58 GMT" time="0.635" errors="0">
  <testcase name="validateAppNavBar" time="0.635" classname="Academy.validateNavigationBar"/>
</testsuite> <!-- Academy.validateNavigationBar -->
